<?xml version="1.0" encoding="utf-8" standalone="no"?>
<!--This file represents the results of running a test suite-->
<test-results name="C:\Documents and Settings\DARIOSKY\Desktop\Dariosky\MION\dotNET\nando\bin\Debug\nando.exe" total="3" failures="0" not-run="0" date="2008-10-13" time="13:37:54">
  <environment nunit-version="2.4.8.0" clr-version="2.0.50727.3053" os-version="Microsoft Windows NT 5.1.2600 Service Pack 3" platform="Win32NT" cwd="C:\Programmi\Sviluppo\NUnit\bin" machine-name="DARIOSKY" user="dariosky" user-domain="MION" />
  <culture-info current-culture="it-IT" current-uiculture="it-IT" />
  <test-suite name="C:\Documents and Settings\DARIOSKY\Desktop\Dariosky\MION\dotNET\nando\bin\Debug\nando.exe" success="True" time="0.625" asserts="0">
    <results>
      <test-suite name="nando" success="True" time="0.625" asserts="0">
        <results>
          <test-suite name="NandoSqlTest" success="True" time="0.594" asserts="0">
            <results>
              <test-case name="nando.NandoSqlTest.EmptyLoad" executed="True" success="True" time="0.078" asserts="0" />
              <test-case name="nando.NandoSqlTest.EmptySave" executed="True" success="True" time="0.078" asserts="0" />
              <test-case name="nando.NandoSqlTest.ParseMp3Test" executed="True" success="True" time="0.016" asserts="0" />
            </results>
          </test-suite>
        </results>
      </test-suite>
    </results>
  </test-suite>
</test-results>